# JRE version: OpenJDK Runtime Environment (8.0_242-b01) (build 1.8.0_242-release-1644-b01)
# Java VM: OpenJDK 64-Bit Server VM (25.242-b01 mixed mode windows-amd64 compressed oops)
Heap:
 PSYoungGen      total 268288K, used 254924K [0x00000000d5580000, 0x00000000ea200000, 0x0000000100000000)
  eden space 220160K, 100% used [0x00000000d5580000,0x00000000e2c80000,0x00000000e2c80000)
  from space 48128K, 72% used [0x00000000e2c80000,0x00000000e4e73398,0x00000000e5b80000)
  to   space 50688K, 60% used [0x00000000e7080000,0x00000000e8e7f9b0,0x00000000ea200000)
 ParOldGen       total 204288K, used 44746K [0x0000000080000000, 0x000000008c780000, 0x00000000d5580000)
  object space 204288K, 21% used [0x0000000080000000,0x0000000082bb2900,0x000000008c780000)
 Metaspace       used 92043K, capacity 96858K, committed 97048K, reserved 1134592K
  class space    used 11744K, capacity 12724K, committed 12848K, reserved 1048576K
GC Heap History (10 events):
Event: 317.580 GC heap after
Heap after GC invocations=34 (full 3):
 PSYoungGen      total 218112K, used 26622K [0x00000000d5580000, 0x00000000e5c80000, 0x0000000100000000)
  eden space 191488K, 0% used [0x00000000d5580000,0x00000000d5580000,0x00000000e1080000)
  from space 26624K, 99% used [0x00000000e1080000,0x00000000e2a7fa90,0x00000000e2a80000)
  to   space 30720K, 0% used [0x00000000e3e80000,0x00000000e3e80000,0x00000000e5c80000)
 ParOldGen       total 204288K, used 35274K [0x0000000080000000, 0x000000008c780000, 0x00000000d5580000)
  object space 204288K, 17% used [0x0000000080000000,0x0000000082272a00,0x000000008c780000)
 Metaspace       used 79661K, capacity 82862K, committed 83096K, reserved 1122304K
  class space    used 10467K, capacity 11056K, committed 11184K, reserved 1048576K
}
Event: 319.253 GC heap before
{Heap before GC invocations=35 (full 3):
 PSYoungGen      total 218112K, used 218110K [0x00000000d5580000, 0x00000000e5c80000, 0x0000000100000000)
  eden space 191488K, 100% used [0x00000000d5580000,0x00000000e1080000,0x00000000e1080000)
  from space 26624K, 99% used [0x00000000e1080000,0x00000000e2a7fa90,0x00000000e2a80000)
  to   space 30720K, 0% used [0x00000000e3e80000,0x00000000e3e80000,0x00000000e5c80000)
 ParOldGen       total 204288K, used 35274K [0x0000000080000000, 0x000000008c780000, 0x00000000d5580000)
  object space 204288K, 17% used [0x0000000080000000,0x0000000082272a00,0x000000008c780000)
 Metaspace       used 80114K, capacity 83274K, committed 83352K, reserved 1122304K
  class space    used 10494K, capacity 11122K, committed 11184K, reserved 1048576K
Event: 319.290 GC heap after
Heap after GC invocations=35 (full 3):
 PSYoungGen      total 235520K, used 26069K [0x00000000d5580000, 0x00000000e6880000, 0x0000000100000000)
  eden space 204800K, 0% used [0x00000000d5580000,0x00000000d5580000,0x00000000e1d80000)
  from space 30720K, 84% used [0x00000000e3e80000,0x00000000e57f5478,0x00000000e5c80000)
  to   space 33792K, 0% used [0x00000000e1d80000,0x00000000e1d80000,0x00000000e3e80000)
 ParOldGen       total 204288K, used 35282K [0x0000000080000000, 0x000000008c780000, 0x00000000d5580000)
  object space 204288K, 17% used [0x0000000080000000,0x0000000082274a00,0x000000008c780000)
 Metaspace       used 80114K, capacity 83274K, committed 83352K, reserved 1122304K
  class space    used 10494K, capacity 11122K, committed 11184K, reserved 1048576K
}
Event: 320.536 GC heap before
{Heap before GC invocations=36 (full 3):
 PSYoungGen      total 235520K, used 230869K [0x00000000d5580000, 0x00000000e6880000, 0x0000000100000000)
  eden space 204800K, 100% used [0x00000000d5580000,0x00000000e1d80000,0x00000000e1d80000)
  from space 30720K, 84% used [0x00000000e3e80000,0x00000000e57f5478,0x00000000e5c80000)
  to   space 33792K, 0% used [0x00000000e1d80000,0x00000000e1d80000,0x00000000e3e80000)
 ParOldGen       total 204288K, used 35282K [0x0000000080000000, 0x000000008c780000, 0x00000000d5580000)
  object space 204288K, 17% used [0x0000000080000000,0x0000000082274a00,0x000000008c780000)
 Metaspace       used 80167K, capacity 83402K, committed 83608K, reserved 1122304K
  class space    used 10495K, capacity 11122K, committed 11184K, reserved 1048576K
Event: 320.571 GC heap after
Heap after GC invocations=36 (full 3):
 PSYoungGen      total 238592K, used 33764K [0x00000000d5580000, 0x00000000e8180000, 0x0000000100000000)
  eden space 204800K, 0% used [0x00000000d5580000,0x00000000d5580000,0x00000000e1d80000)
  from space 33792K, 99% used [0x00000000e1d80000,0x00000000e3e79368,0x00000000e3e80000)
  to   space 38912K, 0% used [0x00000000e5b80000,0x00000000e5b80000,0x00000000e8180000)
 ParOldGen       total 204288K, used 35714K [0x0000000080000000, 0x000000008c780000, 0x00000000d5580000)
  object space 204288K, 17% used [0x0000000080000000,0x00000000822e09b8,0x000000008c780000)
 Metaspace       used 80167K, capacity 83402K, committed 83608K, reserved 1122304K
  class space    used 10495K, capacity 11122K, committed 11184K, reserved 1048576K
}
Event: 651.573 GC heap before
{Heap before GC invocations=37 (full 3):
 PSYoungGen      total 238592K, used 238564K [0x00000000d5580000, 0x00000000e8180000, 0x0000000100000000)
  eden space 204800K, 100% used [0x00000000d5580000,0x00000000e1d80000,0x00000000e1d80000)
  from space 33792K, 99% used [0x00000000e1d80000,0x00000000e3e79368,0x00000000e3e80000)
  to   space 38912K, 0% used [0x00000000e5b80000,0x00000000e5b80000,0x00000000e8180000)
 ParOldGen       total 204288K, used 35714K [0x0000000080000000, 0x000000008c780000, 0x00000000d5580000)
  object space 204288K, 17% used [0x0000000080000000,0x00000000822e09b8,0x000000008c780000)
 Metaspace       used 87227K, capacity 90850K, committed 91032K, reserved 1128448K
  class space    used 11163K, capacity 11912K, committed 11952K, reserved 1048576K
Event: 651.627 GC heap after
Heap after GC invocations=37 (full 3):
 PSYoungGen      total 259072K, used 38905K [0x00000000d5580000, 0x00000000e9000000, 0x0000000100000000)
  eden space 220160K, 0% used [0x00000000d5580000,0x00000000d5580000,0x00000000e2c80000)
  from space 38912K, 99% used [0x00000000e5b80000,0x00000000e817e688,0x00000000e8180000)
  to   space 48128K, 0% used [0x00000000e2c80000,0x00000000e2c80000,0x00000000e5b80000)
 ParOldGen       total 204288K, used 44730K [0x0000000080000000, 0x000000008c780000, 0x00000000d5580000)
  object space 204288K, 21% used [0x0000000080000000,0x0000000082bae900,0x000000008c780000)
 Metaspace       used 87227K, capacity 90850K, committed 91032K, reserved 1128448K
  class space    used 11163K, capacity 11912K, committed 11952K, reserved 1048576K
}
Event: 779.601 GC heap before
{Heap before GC invocations=38 (full 3):
 PSYoungGen      total 259072K, used 259065K [0x00000000d5580000, 0x00000000e9000000, 0x0000000100000000)
  eden space 220160K, 100% used [0x00000000d5580000,0x00000000e2c80000,0x00000000e2c80000)
  from space 38912K, 99% used [0x00000000e5b80000,0x00000000e817e688,0x00000000e8180000)
  to   space 48128K, 0% used [0x00000000e2c80000,0x00000000e2c80000,0x00000000e5b80000)
 ParOldGen       total 204288K, used 44730K [0x0000000080000000, 0x000000008c780000, 0x00000000d5580000)
  object space 204288K, 21% used [0x0000000080000000,0x0000000082bae900,0x000000008c780000)
 Metaspace       used 88320K, capacity 92200K, committed 92440K, reserved 1130496K
  class space    used 11228K, capacity 12028K, committed 12080K, reserved 1048576K
Event: 779.638 GC heap after
Heap after GC invocations=38 (full 3):
 PSYoungGen      total 268288K, used 34764K [0x00000000d5580000, 0x00000000ea200000, 0x0000000100000000)
  eden space 220160K, 0% used [0x00000000d5580000,0x00000000d5580000,0x00000000e2c80000)
  from space 48128K, 72% used [0x00000000e2c80000,0x00000000e4e73398,0x00000000e5b80000)
  to   space 50688K, 0% used [0x00000000e7080000,0x00000000e7080000,0x00000000ea200000)
 ParOldGen       total 204288K, used 44738K [0x0000000080000000, 0x000000008c780000, 0x00000000d5580000)
  object space 204288K, 21% used [0x0000000080000000,0x0000000082bb0900,0x000000008c780000)
 Metaspace       used 88320K, capacity 92200K, committed 92440K, reserved 1130496K
  class space    used 11228K, capacity 12028K, committed 12080K, reserved 1048576K
}
Event: 1741.550 GC heap before
{Heap before GC invocations=39 (full 3):
 PSYoungGen      total 268288K, used 254924K [0x00000000d5580000, 0x00000000ea200000, 0x0000000100000000)
  eden space 220160K, 100% used [0x00000000d5580000,0x00000000e2c80000,0x00000000e2c80000)
  from space 48128K, 72% used [0x00000000e2c80000,0x00000000e4e73398,0x00000000e5b80000)
  to   space 50688K, 0% used [0x00000000e7080000,0x00000000e7080000,0x00000000ea200000)
 ParOldGen       total 204288K, used 44738K [0x0000000080000000, 0x000000008c780000, 0x00000000d5580000)
  object space 204288K, 21% used [0x0000000080000000,0x0000000082bb0900,0x000000008c780000)
 Metaspace       used 92043K, capacity 96858K, committed 97048K, reserved 1134592K
  class space    used 11744K, capacity 12724K, committed 12848K, reserved 1048576K

