# JRE version: OpenJDK Runtime Environment (8.0_242-b01) (build 1.8.0_242-release-1644-b01)
# Java VM: OpenJDK 64-Bit Server VM (25.242-b01 mixed mode windows-amd64 compressed oops)
Heap:
 PSYoungGen      total 293888K, used 285548K [0x00000000d5580000, 0x00000000ec180000, 0x0000000100000000)
  eden space 254976K, 100% used [0x00000000d5580000,0x00000000e4e80000,0x00000000e4e80000)
  from space 38912K, 78% used [0x00000000e4e80000,0x00000000e6c5b358,0x00000000e7480000)
  to   space 41472K, 34% used [0x00000000e9900000,0x00000000ea6f3bf8,0x00000000ec180000)
 ParOldGen       total 259584K, used 72050K [0x0000000080000000, 0x000000008fd80000, 0x00000000d5580000)
  object space 259584K, 27% used [0x0000000080000000,0x000000008465c9a0,0x000000008fd80000)
 Metaspace       used 108250K, capacity 114684K, committed 114856K, reserved 1148928K
  class space    used 14074K, capacity 15276K, committed 15280K, reserved 1048576K
GC Heap History (10 events):
Event: 491.885 GC heap after
Heap after GC invocations=21 (full 3):
 PSYoungGen      total 247296K, used 12690K [0x00000000d5580000, 0x00000000e6e00000, 0x0000000100000000)
  eden space 219136K, 0% used [0x00000000d5580000,0x00000000d5580000,0x00000000e2b80000)
  from space 28160K, 45% used [0x00000000e4600000,0x00000000e5264a98,0x00000000e6180000)
  to   space 27136K, 0% used [0x00000000e2b80000,0x00000000e2b80000,0x00000000e4600000)
 ParOldGen       total 180736K, used 61418K [0x0000000080000000, 0x000000008b080000, 0x00000000d5580000)
  object space 180736K, 33% used [0x0000000080000000,0x0000000083bfa938,0x000000008b080000)
 Metaspace       used 94016K, capacity 98472K, committed 98600K, reserved 1134592K
  class space    used 12200K, capacity 13084K, committed 13104K, reserved 1048576K
}
Event: 491.885 GC heap before
{Heap before GC invocations=22 (full 4):
 PSYoungGen      total 247296K, used 12690K [0x00000000d5580000, 0x00000000e6e00000, 0x0000000100000000)
  eden space 219136K, 0% used [0x00000000d5580000,0x00000000d5580000,0x00000000e2b80000)
  from space 28160K, 45% used [0x00000000e4600000,0x00000000e5264a98,0x00000000e6180000)
  to   space 27136K, 0% used [0x00000000e2b80000,0x00000000e2b80000,0x00000000e4600000)
 ParOldGen       total 180736K, used 61418K [0x0000000080000000, 0x000000008b080000, 0x00000000d5580000)
  object space 180736K, 33% used [0x0000000080000000,0x0000000083bfa938,0x000000008b080000)
 Metaspace       used 94016K, capacity 98472K, committed 98600K, reserved 1134592K
  class space    used 12200K, capacity 13084K, committed 13104K, reserved 1048576K
Event: 492.118 GC heap after
Heap after GC invocations=22 (full 4):
 PSYoungGen      total 247296K, used 0K [0x00000000d5580000, 0x00000000e6e00000, 0x0000000100000000)
  eden space 219136K, 0% used [0x00000000d5580000,0x00000000d5580000,0x00000000e2b80000)
  from space 28160K, 0% used [0x00000000e4600000,0x00000000e4600000,0x00000000e6180000)
  to   space 27136K, 0% used [0x00000000e2b80000,0x00000000e2b80000,0x00000000e4600000)
 ParOldGen       total 259584K, used 57628K [0x0000000080000000, 0x000000008fd80000, 0x00000000d5580000)
  object space 259584K, 22% used [0x0000000080000000,0x00000000838472c8,0x000000008fd80000)
 Metaspace       used 93937K, capacity 98244K, committed 98600K, reserved 1134592K
  class space    used 12174K, capacity 13038K, committed 13104K, reserved 1048576K
}
Event: 495.203 GC heap before
{Heap before GC invocations=23 (full 4):
 PSYoungGen      total 247296K, used 219136K [0x00000000d5580000, 0x00000000e6e00000, 0x0000000100000000)
  eden space 219136K, 100% used [0x00000000d5580000,0x00000000e2b80000,0x00000000e2b80000)
  from space 28160K, 0% used [0x00000000e4600000,0x00000000e4600000,0x00000000e6180000)
  to   space 27136K, 0% used [0x00000000e2b80000,0x00000000e2b80000,0x00000000e4600000)
 ParOldGen       total 259584K, used 57628K [0x0000000080000000, 0x000000008fd80000, 0x00000000d5580000)
  object space 259584K, 22% used [0x0000000080000000,0x00000000838472c8,0x000000008fd80000)
 Metaspace       used 104641K, capacity 110080K, committed 110248K, reserved 1144832K
  class space    used 13662K, capacity 14698K, committed 14768K, reserved 1048576K
Event: 495.265 GC heap after
Heap after GC invocations=23 (full 4):
 PSYoungGen      total 246272K, used 27112K [0x00000000d5580000, 0x00000000e9900000, 0x0000000100000000)
  eden space 219136K, 0% used [0x00000000d5580000,0x00000000d5580000,0x00000000e2b80000)
  from space 27136K, 99% used [0x00000000e2b80000,0x00000000e45fa110,0x00000000e4600000)
  to   space 35840K, 0% used [0x00000000e7600000,0x00000000e7600000,0x00000000e9900000)
 ParOldGen       total 259584K, used 72034K [0x0000000080000000, 0x000000008fd80000, 0x00000000d5580000)
  object space 259584K, 27% used [0x0000000080000000,0x00000000846589a0,0x000000008fd80000)
 Metaspace       used 104641K, capacity 110080K, committed 110248K, reserved 1144832K
  class space    used 13662K, capacity 14698K, committed 14768K, reserved 1048576K
}
Event: 507.208 GC heap before
{Heap before GC invocations=24 (full 4):
 PSYoungGen      total 246272K, used 246248K [0x00000000d5580000, 0x00000000e9900000, 0x0000000100000000)
  eden space 219136K, 100% used [0x00000000d5580000,0x00000000e2b80000,0x00000000e2b80000)
  from space 27136K, 99% used [0x00000000e2b80000,0x00000000e45fa110,0x00000000e4600000)
  to   space 35840K, 0% used [0x00000000e7600000,0x00000000e7600000,0x00000000e9900000)
 ParOldGen       total 259584K, used 72034K [0x0000000080000000, 0x000000008fd80000, 0x00000000d5580000)
  object space 259584K, 27% used [0x0000000080000000,0x00000000846589a0,0x000000008fd80000)
 Metaspace       used 106334K, capacity 112044K, committed 112296K, reserved 1146880K
  class space    used 13864K, capacity 14990K, committed 15024K, reserved 1048576K
Event: 507.253 GC heap after
Heap after GC invocations=24 (full 4):
 PSYoungGen      total 290816K, used 29798K [0x00000000d5580000, 0x00000000e9a80000, 0x0000000100000000)
  eden space 254976K, 0% used [0x00000000d5580000,0x00000000d5580000,0x00000000e4e80000)
  from space 35840K, 83% used [0x00000000e7600000,0x00000000e9319840,0x00000000e9900000)
  to   space 38912K, 0% used [0x00000000e4e80000,0x00000000e4e80000,0x00000000e7480000)
 ParOldGen       total 259584K, used 72042K [0x0000000080000000, 0x000000008fd80000, 0x00000000d5580000)
  object space 259584K, 27% used [0x0000000080000000,0x000000008465a9a0,0x000000008fd80000)
 Metaspace       used 106334K, capacity 112044K, committed 112296K, reserved 1146880K
  class space    used 13864K, capacity 14990K, committed 15024K, reserved 1048576K
}
Event: 657.113 GC heap before
{Heap before GC invocations=25 (full 4):
 PSYoungGen      total 290816K, used 284624K [0x00000000d5580000, 0x00000000e9a80000, 0x0000000100000000)
  eden space 254976K, 99% used [0x00000000d5580000,0x00000000e4e5aa20,0x00000000e4e80000)
  from space 35840K, 83% used [0x00000000e7600000,0x00000000e9319840,0x00000000e9900000)
  to   space 38912K, 0% used [0x00000000e4e80000,0x00000000e4e80000,0x00000000e7480000)
 ParOldGen       total 259584K, used 72042K [0x0000000080000000, 0x000000008fd80000, 0x00000000d5580000)
  object space 259584K, 27% used [0x0000000080000000,0x000000008465a9a0,0x000000008fd80000)
 Metaspace       used 107472K, capacity 113526K, committed 113832K, reserved 1148928K
  class space    used 14002K, capacity 15159K, committed 15280K, reserved 1048576K
Event: 657.191 GC heap after
Heap after GC invocations=25 (full 4):
 PSYoungGen      total 293888K, used 30572K [0x00000000d5580000, 0x00000000ec180000, 0x0000000100000000)
  eden space 254976K, 0% used [0x00000000d5580000,0x00000000d5580000,0x00000000e4e80000)
  from space 38912K, 78% used [0x00000000e4e80000,0x00000000e6c5b358,0x00000000e7480000)
  to   space 41472K, 0% used [0x00000000e9900000,0x00000000e9900000,0x00000000ec180000)
 ParOldGen       total 259584K, used 72050K [0x0000000080000000, 0x000000008fd80000, 0x00000000d5580000)
  object space 259584K, 27% used [0x0000000080000000,0x000000008465c9a0,0x000000008fd80000)
 Metaspace       used 107472K, capacity 113526K, committed 113832K, reserved 1148928K
  class space    used 14002K, capacity 15159K, committed 15280K, reserved 1048576K
}
Event: 3967.622 GC heap before
{Heap before GC invocations=26 (full 4):
 PSYoungGen      total 293888K, used 285548K [0x00000000d5580000, 0x00000000ec180000, 0x0000000100000000)
  eden space 254976K, 100% used [0x00000000d5580000,0x00000000e4e80000,0x00000000e4e80000)
  from space 38912K, 78% used [0x00000000e4e80000,0x00000000e6c5b358,0x00000000e7480000)
  to   space 41472K, 0% used [0x00000000e9900000,0x00000000e9900000,0x00000000ec180000)
 ParOldGen       total 259584K, used 72050K [0x0000000080000000, 0x000000008fd80000, 0x00000000d5580000)
  object space 259584K, 27% used [0x0000000080000000,0x000000008465c9a0,0x000000008fd80000)
 Metaspace       used 108250K, capacity 114684K, committed 114856K, reserved 1148928K
  class space    used 14074K, capacity 15276K, committed 15280K, reserved 1048576K

